fms_employee/build/app/intermediates/manifest_merge_blame_file/debug/manifest-merger-blame-debug-report.txt
1<?xml version="1.0" encoding="utf-8"?>
2<manifest xmlns:android="http://schemas.android.com/apk/res/android"
3    package="com.example.fms_employee"
4    android:versionCode="1"
5    android:versionName="1.0.0" >
6
7    <uses-sdk
8        android:minSdkVersion="19"
9        android:targetSdkVersion="32" />
10    <!--
11         The INTERNET permission is required for development. Specifically,
12         the Flutter tool needs it to communicate with the running application
13         to allow setting breakpoints, to provide hot reload, etc.
14    -->
15    <uses-permission android:name="android.permission.INTERNET" />
15-->src\main\AndroidManifest.xml:35:5-67
15-->src\main\AndroidManifest.xml:35:22-64
16    <uses-permission android:name="android.permission.ACCESS_NETWORK_STATE" />
16-->src\main\AndroidManifest.xml:36:5-79
16-->src\main\AndroidManifest.xml:36:22-76
17    <uses-permission android:name="android.permission.WAKE_LOCK" />
17-->[com.google.android.gms:play-services-measurement-api:21.2.0] AndroidManifest.xml:24:5-68
17-->[com.google.android.gms:play-services-measurement-api:21.2.0] AndroidManifest.xml:24:22-65
18    <uses-permission android:name="com.google.android.gms.permission.AD_ID" />
18-->[com.google.android.gms:play-services-measurement-api:21.2.0] AndroidManifest.xml:25:5-79
18-->[com.google.android.gms:play-services-measurement-api:21.2.0] AndroidManifest.xml:25:22-76
19    <uses-permission android:name="com.google.android.finsky.permission.BIND_GET_INSTALL_REFERRER_SERVICE" />
19-->[com.google.android.gms:play-services-measurement:21.2.0] AndroidManifest.xml:26:5-110
19-->[com.google.android.gms:play-services-measurement:21.2.0] AndroidManifest.xml:26:22-107
20
21    <application
22        android:name="android.app.Application"
22-->src\main\AndroidManifest.xml:5:9-42
23        android:appComponentFactory="androidx.core.app.CoreComponentFactory"
23-->[androidx.core:core:1.8.0] AndroidManifest.xml:24:18-86
24        android:debuggable="true"
25        android:icon="@mipmap/ic_launcher"
25-->src\main\AndroidManifest.xml:6:9-43
26        android:label="fms_employee"
26-->src\main\AndroidManifest.xml:4:9-37
27        android:usesCleartextTraffic="true" >
27-->src\debug\AndroidManifest.xml:8:18-53
28
29        <!-- possibly other elements -->
30        <activity
30-->src\main\AndroidManifest.xml:7:9-27:20
31            android:name="com.example.fms_employee.MainActivity"
31-->src\main\AndroidManifest.xml:8:13-41
32            android:configChanges="orientation|keyboardHidden|keyboard|screenSize|smallestScreenSize|locale|layoutDirection|fontScale|screenLayout|density|uiMode"
32-->src\main\AndroidManifest.xml:12:13-163
33            android:exported="true"
33-->src\main\AndroidManifest.xml:9:13-36
34            android:hardwareAccelerated="true"
34-->src\main\AndroidManifest.xml:13:13-47
35            android:launchMode="singleTop"
35-->src\main\AndroidManifest.xml:10:13-43
36            android:theme="@style/LaunchTheme"
36-->src\main\AndroidManifest.xml:11:13-47
37            android:windowSoftInputMode="adjustResize" >
37-->src\main\AndroidManifest.xml:14:13-55
38
39            <!--
40                 Specifies an Android theme to apply to this Activity as soon as
41                 the Android process has started. This theme is visible to the user
42                 while the Flutter UI initializes. After that, this theme continues
43                 to determine the Window background behind the Flutter UI.
44            -->
45            <meta-data
45-->src\main\AndroidManifest.xml:19:13-22:17
46                android:name="io.flutter.embedding.android.NormalTheme"
46-->src\main\AndroidManifest.xml:20:15-70
47                android:resource="@style/NormalTheme" />
47-->src\main\AndroidManifest.xml:21:15-52
48
49            <intent-filter>
49-->src\main\AndroidManifest.xml:23:13-26:29
50                <action android:name="android.intent.action.MAIN" />
50-->src\main\AndroidManifest.xml:24:17-68
50-->src\main\AndroidManifest.xml:24:25-66
51
52                <category android:name="android.intent.category.LAUNCHER" />
52-->src\main\AndroidManifest.xml:25:17-76
52-->src\main\AndroidManifest.xml:25:27-74
53            </intent-filter>
54        </activity>
55        <!--
56 Don't delete the meta-data below.
57             This is used by the Flutter tool to generate GeneratedPluginRegistrant.java
58        -->
59        <meta-data
59-->src\main\AndroidManifest.xml:30:9-32:33
60            android:name="flutterEmbedding"
60-->src\main\AndroidManifest.xml:31:13-44
61            android:value="2" />
61-->src\main\AndroidManifest.xml:32:13-30
62
63        <service
63-->[:firebase_auth] AndroidManifest.xml:10:9-14:19
64            android:name="com.google.firebase.components.ComponentDiscoveryService"
64-->[:firebase_auth] AndroidManifest.xml:10:18-89
65            android:directBootAware="true"
65-->[com.google.firebase:firebase-common:20.2.0] AndroidManifest.xml:34:13-43
66            android:exported="false" >
66-->[com.google.firebase:firebase-auth:21.1.0] AndroidManifest.xml:66:13-37
67            <meta-data
67-->[:firebase_auth] AndroidManifest.xml:11:13-13:85
68                android:name="com.google.firebase.components:io.flutter.plugins.firebase.auth.FlutterFirebaseAuthRegistrar"
68-->[:firebase_auth] AndroidManifest.xml:12:17-124
69                android:value="com.google.firebase.components.ComponentRegistrar" />
69-->[:firebase_auth] AndroidManifest.xml:13:17-82
70            <meta-data
70-->[:firebase_storage] AndroidManifest.xml:11:13-13:85
71                android:name="com.google.firebase.components:io.flutter.plugins.firebase.storage.FlutterFirebaseAppRegistrar"
71-->[:firebase_storage] AndroidManifest.xml:12:17-126
72                android:value="com.google.firebase.components.ComponentRegistrar" />
72-->[:firebase_storage] AndroidManifest.xml:13:17-82
73            <meta-data
73-->[:firebase_core] AndroidManifest.xml:11:13-13:85
74                android:name="com.google.firebase.components:io.flutter.plugins.firebase.core.FlutterFirebaseCoreRegistrar"
74-->[:firebase_core] AndroidManifest.xml:12:17-124
75                android:value="com.google.firebase.components.ComponentRegistrar" />
75-->[:firebase_core] AndroidManifest.xml:13:17-82
76            <meta-data
76-->[com.google.firebase:firebase-auth:21.1.0] AndroidManifest.xml:67:13-69:85
77                android:name="com.google.firebase.components:com.google.firebase.auth.FirebaseAuthRegistrar"
77-->[com.google.firebase:firebase-auth:21.1.0] AndroidManifest.xml:68:17-109
78                android:value="com.google.firebase.components.ComponentRegistrar" />
78-->[com.google.firebase:firebase-auth:21.1.0] AndroidManifest.xml:69:17-82
79            <meta-data
79-->[com.google.firebase:firebase-storage:20.1.0] AndroidManifest.xml:32:13-34:85
80                android:name="com.google.firebase.components:com.google.firebase.storage.StorageRegistrar"
80-->[com.google.firebase:firebase-storage:20.1.0] AndroidManifest.xml:33:17-107
81                android:value="com.google.firebase.components.ComponentRegistrar" />
81-->[com.google.firebase:firebase-storage:20.1.0] AndroidManifest.xml:34:17-82
82            <meta-data
82-->[com.google.android.gms:play-services-measurement-api:21.2.0] AndroidManifest.xml:31:13-33:85
83                android:name="com.google.firebase.components:com.google.firebase.analytics.connector.internal.AnalyticsConnectorRegistrar"
83-->[com.google.android.gms:play-services-measurement-api:21.2.0] AndroidManifest.xml:32:17-139
84                android:value="com.google.firebase.components.ComponentRegistrar" />
84-->[com.google.android.gms:play-services-measurement-api:21.2.0] AndroidManifest.xml:33:17-82
85            <meta-data
85-->[com.google.firebase:firebase-installations:17.1.0] AndroidManifest.xml:17:13-19:85
86                android:name="com.google.firebase.components:com.google.firebase.installations.FirebaseInstallationsRegistrar"
86-->[com.google.firebase:firebase-installations:17.1.0] AndroidManifest.xml:18:17-127
87                android:value="com.google.firebase.components.ComponentRegistrar" />
87-->[com.google.firebase:firebase-installations:17.1.0] AndroidManifest.xml:19:17-82
88        </service>
89
90        <provider
90-->[:image_picker_android] AndroidManifest.xml:10:9-18:20
91            android:name="io.flutter.plugins.imagepicker.ImagePickerFileProvider"
91-->[:image_picker_android] AndroidManifest.xml:11:13-82
92            android:authorities="com.example.fms_employee.flutter.image_provider"
92-->[:image_picker_android] AndroidManifest.xml:12:13-74
93            android:exported="false"
93-->[:image_picker_android] AndroidManifest.xml:13:13-37
94            android:grantUriPermissions="true" >
94-->[:image_picker_android] AndroidManifest.xml:14:13-47
95            <meta-data
95-->[:image_picker_android] AndroidManifest.xml:15:13-17:75
96                android:name="android.support.FILE_PROVIDER_PATHS"
96-->[:image_picker_android] AndroidManifest.xml:16:17-67
97                android:resource="@xml/flutter_image_picker_file_paths" />
97-->[:image_picker_android] AndroidManifest.xml:17:17-72
98        </provider>
99
100        <uses-library
100-->[androidx.window:window:1.0.0-beta04] AndroidManifest.xml:25:9-27:40
101            android:name="androidx.window.extensions"
101-->[androidx.window:window:1.0.0-beta04] AndroidManifest.xml:26:13-54
102            android:required="false" />
102-->[androidx.window:window:1.0.0-beta04] AndroidManifest.xml:27:13-37
103        <uses-library
103-->[androidx.window:window:1.0.0-beta04] AndroidManifest.xml:28:9-30:40
104            android:name="androidx.window.sidecar"
104-->[androidx.window:window:1.0.0-beta04] AndroidManifest.xml:29:13-51
105            android:required="false" />
105-->[androidx.window:window:1.0.0-beta04] AndroidManifest.xml:30:13-37
106
107        <activity
107-->[com.google.firebase:firebase-auth:21.1.0] AndroidManifest.xml:27:9-44:20
108            android:name="com.google.firebase.auth.internal.GenericIdpActivity"
108-->[com.google.firebase:firebase-auth:21.1.0] AndroidManifest.xml:28:13-80
109            android:excludeFromRecents="true"
109-->[com.google.firebase:firebase-auth:21.1.0] AndroidManifest.xml:29:13-46
110            android:exported="true"
110-->[com.google.firebase:firebase-auth:21.1.0] AndroidManifest.xml:30:13-36
111            android:launchMode="singleTask"
111-->[com.google.firebase:firebase-auth:21.1.0] AndroidManifest.xml:31:13-44
112            android:theme="@android:style/Theme.Translucent.NoTitleBar" >
112-->[com.google.firebase:firebase-auth:21.1.0] AndroidManifest.xml:32:13-72
113            <intent-filter>
113-->[com.google.firebase:firebase-auth:21.1.0] AndroidManifest.xml:33:13-43:29
114                <action android:name="android.intent.action.VIEW" />
114-->[com.google.firebase:firebase-auth:21.1.0] AndroidManifest.xml:34:17-69
114-->[com.google.firebase:firebase-auth:21.1.0] AndroidManifest.xml:34:25-66
115
116                <category android:name="android.intent.category.DEFAULT" />
116-->[com.google.firebase:firebase-auth:21.1.0] AndroidManifest.xml:36:17-76
116-->[com.google.firebase:firebase-auth:21.1.0] AndroidManifest.xml:36:27-73
117                <category android:name="android.intent.category.BROWSABLE" />
117-->[com.google.firebase:firebase-auth:21.1.0] AndroidManifest.xml:37:17-78
117-->[com.google.firebase:firebase-auth:21.1.0] AndroidManifest.xml:37:27-75
118
119                <data
119-->[com.google.firebase:firebase-auth:21.1.0] AndroidManifest.xml:39:17-42:51
120                    android:host="firebase.auth"
120-->[com.google.firebase:firebase-auth:21.1.0] AndroidManifest.xml:40:21-49
121                    android:path="/"
121-->[com.google.firebase:firebase-auth:21.1.0] AndroidManifest.xml:41:21-37
122                    android:scheme="genericidp" />
122-->[com.google.firebase:firebase-auth:21.1.0] AndroidManifest.xml:42:21-48
123            </intent-filter>
124        </activity>
125        <activity
125-->[com.google.firebase:firebase-auth:21.1.0] AndroidManifest.xml:45:9-62:20
126            android:name="com.google.firebase.auth.internal.RecaptchaActivity"
126-->[com.google.firebase:firebase-auth:21.1.0] AndroidManifest.xml:46:13-79
127            android:excludeFromRecents="true"
127-->[com.google.firebase:firebase-auth:21.1.0] AndroidManifest.xml:47:13-46
128            android:exported="true"
128-->[com.google.firebase:firebase-auth:21.1.0] AndroidManifest.xml:48:13-36
129            android:launchMode="singleTask"
129-->[com.google.firebase:firebase-auth:21.1.0] AndroidManifest.xml:49:13-44
130            android:theme="@android:style/Theme.Translucent.NoTitleBar" >
130-->[com.google.firebase:firebase-auth:21.1.0] AndroidManifest.xml:50:13-72
131            <intent-filter>
131-->[com.google.firebase:firebase-auth:21.1.0] AndroidManifest.xml:51:13-61:29
132                <action android:name="android.intent.action.VIEW" />
132-->[com.google.firebase:firebase-auth:21.1.0] AndroidManifest.xml:34:17-69
132-->[com.google.firebase:firebase-auth:21.1.0] AndroidManifest.xml:34:25-66
133
134                <category android:name="android.intent.category.DEFAULT" />
134-->[com.google.firebase:firebase-auth:21.1.0] AndroidManifest.xml:36:17-76
134-->[com.google.firebase:firebase-auth:21.1.0] AndroidManifest.xml:36:27-73
135                <category android:name="android.intent.category.BROWSABLE" />
135-->[com.google.firebase:firebase-auth:21.1.0] AndroidManifest.xml:37:17-78
135-->[com.google.firebase:firebase-auth:21.1.0] AndroidManifest.xml:37:27-75
136
137                <data
137-->[com.google.firebase:firebase-auth:21.1.0] AndroidManifest.xml:39:17-42:51
138                    android:host="firebase.auth"
138-->[com.google.firebase:firebase-auth:21.1.0] AndroidManifest.xml:40:21-49
139                    android:path="/"
139-->[com.google.firebase:firebase-auth:21.1.0] AndroidManifest.xml:41:21-37
140                    android:scheme="recaptcha" />
140-->[com.google.firebase:firebase-auth:21.1.0] AndroidManifest.xml:42:21-48
141            </intent-filter>
142        </activity>
143
144        <provider
144-->[com.google.firebase:firebase-common:20.2.0] AndroidManifest.xml:25:9-30:39
145            android:name="com.google.firebase.provider.FirebaseInitProvider"
145-->[com.google.firebase:firebase-common:20.2.0] AndroidManifest.xml:26:13-77
146            android:authorities="com.example.fms_employee.firebaseinitprovider"
146-->[com.google.firebase:firebase-common:20.2.0] AndroidManifest.xml:27:13-72
147            android:directBootAware="true"
147-->[com.google.firebase:firebase-common:20.2.0] AndroidManifest.xml:28:13-43
148            android:exported="false"
148-->[com.google.firebase:firebase-common:20.2.0] AndroidManifest.xml:29:13-37
149            android:initOrder="100" />
149-->[com.google.firebase:firebase-common:20.2.0] AndroidManifest.xml:30:13-36
150
151        <activity
151-->[com.google.android.gms:play-services-auth:20.1.0] AndroidManifest.xml:23:9-27:75
152            android:name="com.google.android.gms.auth.api.signin.internal.SignInHubActivity"
152-->[com.google.android.gms:play-services-auth:20.1.0] AndroidManifest.xml:24:13-93
153            android:excludeFromRecents="true"
153-->[com.google.android.gms:play-services-auth:20.1.0] AndroidManifest.xml:25:13-46
154            android:exported="false"
154-->[com.google.android.gms:play-services-auth:20.1.0] AndroidManifest.xml:26:13-37
155            android:theme="@android:style/Theme.Translucent.NoTitleBar" />
155-->[com.google.android.gms:play-services-auth:20.1.0] AndroidManifest.xml:27:13-72
156        <!--
157            Service handling Google Sign-In user revocation. For apps that do not integrate with
158            Google Sign-In, this service will never be started.
159        -->
160        <service
160-->[com.google.android.gms:play-services-auth:20.1.0] AndroidManifest.xml:33:9-37:51
161            android:name="com.google.android.gms.auth.api.signin.RevocationBoundService"
161-->[com.google.android.gms:play-services-auth:20.1.0] AndroidManifest.xml:34:13-89
162            android:exported="true"
162-->[com.google.android.gms:play-services-auth:20.1.0] AndroidManifest.xml:35:13-36
163            android:permission="com.google.android.gms.auth.api.signin.permission.REVOCATION_NOTIFICATION"
163-->[com.google.android.gms:play-services-auth:20.1.0] AndroidManifest.xml:36:13-107
164            android:visibleToInstantApps="true" />
164-->[com.google.android.gms:play-services-auth:20.1.0] AndroidManifest.xml:37:13-48
165
166        <receiver
166-->[com.google.android.gms:play-services-measurement:21.2.0] AndroidManifest.xml:29:9-33:20
167            android:name="com.google.android.gms.measurement.AppMeasurementReceiver"
167-->[com.google.android.gms:play-services-measurement:21.2.0] AndroidManifest.xml:30:13-85
168            android:enabled="true"
168-->[com.google.android.gms:play-services-measurement:21.2.0] AndroidManifest.xml:31:13-35
169            android:exported="false" >
169-->[com.google.android.gms:play-services-measurement:21.2.0] AndroidManifest.xml:32:13-37
170        </receiver>
171
172        <service
172-->[com.google.android.gms:play-services-measurement:21.2.0] AndroidManifest.xml:35:9-38:40
173            android:name="com.google.android.gms.measurement.AppMeasurementService"
173-->[com.google.android.gms:play-services-measurement:21.2.0] AndroidManifest.xml:36:13-84
174            android:enabled="true"
174-->[com.google.android.gms:play-services-measurement:21.2.0] AndroidManifest.xml:37:13-35
175            android:exported="false" />
175-->[com.google.android.gms:play-services-measurement:21.2.0] AndroidManifest.xml:38:13-37
176        <service
176-->[com.google.android.gms:play-services-measurement:21.2.0] AndroidManifest.xml:39:9-43:72
177            android:name="com.google.android.gms.measurement.AppMeasurementJobService"
177-->[com.google.android.gms:play-services-measurement:21.2.0] AndroidManifest.xml:40:13-87
178            android:enabled="true"
178-->[com.google.android.gms:play-services-measurement:21.2.0] AndroidManifest.xml:41:13-35
179            android:exported="false"
179-->[com.google.android.gms:play-services-measurement:21.2.0] AndroidManifest.xml:42:13-37
180            android:permission="android.permission.BIND_JOB_SERVICE" />
180-->[com.google.android.gms:play-services-measurement:21.2.0] AndroidManifest.xml:43:13-69
181
182        <activity
182-->[com.google.android.gms:play-services-base:18.0.1] AndroidManifest.xml:20:9-22:45
183            android:name="com.google.android.gms.common.api.GoogleApiActivity"
183-->[com.google.android.gms:play-services-base:18.0.1] AndroidManifest.xml:20:19-85
184            android:exported="false"
184-->[com.google.android.gms:play-services-base:18.0.1] AndroidManifest.xml:22:19-43
185            android:theme="@android:style/Theme.Translucent.NoTitleBar" />
185-->[com.google.android.gms:play-services-base:18.0.1] AndroidManifest.xml:21:19-78
186
187        <meta-data
187-->[com.google.android.gms:play-services-basement:18.1.0] AndroidManifest.xml:21:9-23:69
188            android:name="com.google.android.gms.version"
188-->[com.google.android.gms:play-services-basement:18.1.0] AndroidManifest.xml:22:13-58
189            android:value="@integer/google_play_services_version" />
189-->[com.google.android.gms:play-services-basement:18.1.0] AndroidManifest.xml:23:13-66
190    </application>
191
192</manifest>